<?xml version="1.0" encoding="UTF-8"?>
<!-- Generated by org.testng.reporters.JUnitReportReporter -->
<testsuite hostname="DESKTOP-6R1VEJH" name="RefreshAutomation.RefreshAutomation.App1" tests="1" failures="0" timestamp="28 Aug 2023 10:06:07 GMT" time="0.002" errors="0">
  <testcase name="one" time="0.002" classname="RefreshAutomation.RefreshAutomation.App1"/>
</testsuite> <!-- RefreshAutomation.RefreshAutomation.App1 -->
