<?xml version="1.0" encoding="UTF-8"?>
<!-- Generated by org.testng.reporters.JUnitReportReporter -->
<testsuite hostname="DESKTOP-6R1VEJH" name="Javapractice.sortingTable" tests="1" failures="0" timestamp="25 Sep 2023 02:47:24 GMT" time="52.254" errors="0">
  <testcase name="columnsorting" time="52.254" classname="Javapractice.sortingTable"/>
</testsuite> <!-- Javapractice.sortingTable -->
