<?xml version="1.0" encoding="UTF-8"?>
<!-- Generated by org.testng.reporters.JUnitReportReporter -->
<testsuite hostname="DESKTOP-6R1VEJH" name="Javapractice.SortingFunctional1" tests="2" failures="0" timestamp="25 Sep 2023 14:08:46 GMT" time="71.690" errors="0">
  <testcase name="lowtohigh" time="50.374" classname="Javapractice.SortingFunctional1"/>
  <testcase name="sortbyname" time="21.316" classname="Javapractice.SortingFunctional1"/>
</testsuite> <!-- Javapractice.SortingFunctional1 -->
